# JRE version: Java(TM) SE Runtime Environment (8.0_121-b13) (build 1.8.0_121-b13)
# Java VM: Java HotSpot(TM) 64-Bit Server VM (25.121-b13 mixed mode linux-amd64 compressed oops)
Heap:
 PSYoungGen      total 497152K, used 486530K [0x00000000e0000000, 0x00000000ffc80000, 0x0000000100000000)
  eden space 475648K, 100% used [0x00000000e0000000,0x00000000fd080000,0x00000000fd080000)
  from space 21504K, 50% used [0x00000000fe780000,0x00000000ff220ab0,0x00000000ffc80000)
  to   space 22528K, 66% used [0x00000000fd080000,0x00000000fdf2bc60,0x00000000fe680000)
 ParOldGen       total 141312K, used 79489K [0x00000000a0000000, 0x00000000a8a00000, 0x00000000e0000000)
  object space 141312K, 56% used [0x00000000a0000000,0x00000000a4da07b0,0x00000000a8a00000)
 Metaspace       used 77223K, capacity 81682K, committed 82008K, reserved 1120256K
  class space    used 9976K, capacity 10717K, committed 10840K, reserved 1048576K
GC Heap History (10 events):
Event: 782.648 GC heap after
Heap after GC invocations=25 (full 3):
 PSYoungGen      total 411648K, used 6791K [0x00000000e0000000, 0x00000000fb480000, 0x0000000100000000)
  eden space 396800K, 0% used [0x00000000e0000000,0x00000000e0000000,0x00000000f8380000)
  from space 14848K, 45% used [0x00000000fa600000,0x00000000faca1d80,0x00000000fb480000)
  to   space 25088K, 0% used [0x00000000f8380000,0x00000000f8380000,0x00000000f9c00000)
 ParOldGen       total 141312K, used 78497K [0x00000000a0000000, 0x00000000a8a00000, 0x00000000e0000000)
  object space 141312K, 55% used [0x00000000a0000000,0x00000000a4ca8770,0x00000000a8a00000)
 Metaspace       used 74805K, capacity 78170K, committed 78424K, reserved 1118208K
  class space    used 9798K, capacity 10472K, committed 10584K, reserved 1048576K
}
Event: 1475.897 GC heap before
{Heap before GC invocations=26 (full 3):
 PSYoungGen      total 411648K, used 403591K [0x00000000e0000000, 0x00000000fb480000, 0x0000000100000000)
  eden space 396800K, 100% used [0x00000000e0000000,0x00000000f8380000,0x00000000f8380000)
  from space 14848K, 45% used [0x00000000fa600000,0x00000000faca1d80,0x00000000fb480000)
  to   space 25088K, 0% used [0x00000000f8380000,0x00000000f8380000,0x00000000f9c00000)
 ParOldGen       total 141312K, used 78497K [0x00000000a0000000, 0x00000000a8a00000, 0x00000000e0000000)
  object space 141312K, 55% used [0x00000000a0000000,0x00000000a4ca8770,0x00000000a8a00000)
 Metaspace       used 75192K, capacity 78840K, committed 78936K, reserved 1118208K
  class space    used 9836K, capacity 10521K, committed 10584K, reserved 1048576K
Event: 1475.907 GC heap after
Heap after GC invocations=26 (full 3):
 PSYoungGen      total 421888K, used 4256K [0x00000000e0000000, 0x00000000feb80000, 0x0000000100000000)
  eden space 396800K, 0% used [0x00000000e0000000,0x00000000e0000000,0x00000000f8380000)
  from space 25088K, 16% used [0x00000000f8380000,0x00000000f87a8030,0x00000000f9c00000)
  to   space 24064K, 0% used [0x00000000fd400000,0x00000000fd400000,0x00000000feb80000)
 ParOldGen       total 141312K, used 78505K [0x00000000a0000000, 0x00000000a8a00000, 0x00000000e0000000)
  object space 141312K, 55% used [0x00000000a0000000,0x00000000a4caa770,0x00000000a8a00000)
 Metaspace       used 75192K, capacity 78840K, committed 78936K, reserved 1118208K
  class space    used 9836K, capacity 10521K, committed 10584K, reserved 1048576K
}
Event: 1480.055 GC heap before
{Heap before GC invocations=27 (full 3):
 PSYoungGen      total 421888K, used 400873K [0x00000000e0000000, 0x00000000feb80000, 0x0000000100000000)
  eden space 396800K, 99% used [0x00000000e0000000,0x00000000f8352640,0x00000000f8380000)
  from space 25088K, 16% used [0x00000000f8380000,0x00000000f87a8030,0x00000000f9c00000)
  to   space 24064K, 0% used [0x00000000fd400000,0x00000000fd400000,0x00000000feb80000)
 ParOldGen       total 141312K, used 78505K [0x00000000a0000000, 0x00000000a8a00000, 0x00000000e0000000)
  object space 141312K, 55% used [0x00000000a0000000,0x00000000a4caa770,0x00000000a8a00000)
 Metaspace       used 75889K, capacity 79660K, committed 79704K, reserved 1118208K
  class space    used 9852K, capacity 10551K, committed 10584K, reserved 1048576K
Event: 1480.085 GC heap after
Heap after GC invocations=27 (full 3):
 PSYoungGen      total 476160K, used 14689K [0x00000000e0000000, 0x00000000feb00000, 0x0000000100000000)
  eden space 452608K, 0% used [0x00000000e0000000,0x00000000e0000000,0x00000000fba00000)
  from space 23552K, 62% used [0x00000000fd400000,0x00000000fe2585a0,0x00000000feb00000)
  to   space 25088K, 0% used [0x00000000fba00000,0x00000000fba00000,0x00000000fd280000)
 ParOldGen       total 141312K, used 78513K [0x00000000a0000000, 0x00000000a8a00000, 0x00000000e0000000)
  object space 141312K, 55% used [0x00000000a0000000,0x00000000a4cac770,0x00000000a8a00000)
 Metaspace       used 75889K, capacity 79660K, committed 79704K, reserved 1118208K
  class space    used 9852K, capacity 10551K, committed 10584K, reserved 1048576K
}
Event: 1480.266 GC heap before
{Heap before GC invocations=28 (full 3):
 PSYoungGen      total 476160K, used 466579K [0x00000000e0000000, 0x00000000feb00000, 0x0000000100000000)
  eden space 452608K, 99% used [0x00000000e0000000,0x00000000fb94c940,0x00000000fba00000)
  from space 23552K, 62% used [0x00000000fd400000,0x00000000fe2585a0,0x00000000feb00000)
  to   space 25088K, 0% used [0x00000000fba00000,0x00000000fba00000,0x00000000fd280000)
 ParOldGen       total 141312K, used 78513K [0x00000000a0000000, 0x00000000a8a00000, 0x00000000e0000000)
  object space 141312K, 55% used [0x00000000a0000000,0x00000000a4cac770,0x00000000a8a00000)
 Metaspace       used 75890K, capacity 79660K, committed 79704K, reserved 1118208K
  class space    used 9852K, capacity 10551K, committed 10584K, reserved 1048576K
Event: 1480.280 GC heap after
Heap after GC invocations=28 (full 3):
 PSYoungGen      total 477696K, used 8900K [0x00000000e0000000, 0x00000000ffe80000, 0x0000000100000000)
  eden space 452608K, 0% used [0x00000000e0000000,0x00000000e0000000,0x00000000fba00000)
  from space 25088K, 35% used [0x00000000fba00000,0x00000000fc2b10d0,0x00000000fd280000)
  to   space 23552K, 0% used [0x00000000fe780000,0x00000000fe780000,0x00000000ffe80000)
 ParOldGen       total 141312K, used 78521K [0x00000000a0000000, 0x00000000a8a00000, 0x00000000e0000000)
  object space 141312K, 55% used [0x00000000a0000000,0x00000000a4cae770,0x00000000a8a00000)
 Metaspace       used 75890K, capacity 79660K, committed 79704K, reserved 1118208K
  class space    used 9852K, capacity 10551K, committed 10584K, reserved 1048576K
}
Event: 2010.190 GC heap before
{Heap before GC invocations=29 (full 3):
 PSYoungGen      total 477696K, used 460590K [0x00000000e0000000, 0x00000000ffe80000, 0x0000000100000000)
  eden space 452608K, 99% used [0x00000000e0000000,0x00000000fb91a950,0x00000000fba00000)
  from space 25088K, 35% used [0x00000000fba00000,0x00000000fc2b10d0,0x00000000fd280000)
  to   space 23552K, 0% used [0x00000000fe780000,0x00000000fe780000,0x00000000ffe80000)
 ParOldGen       total 141312K, used 78521K [0x00000000a0000000, 0x00000000a8a00000, 0x00000000e0000000)
  object space 141312K, 55% used [0x00000000a0000000,0x00000000a4cae770,0x00000000a8a00000)
 Metaspace       used 76622K, capacity 80890K, committed 81112K, reserved 1120256K
  class space    used 9930K, capacity 10668K, committed 10712K, reserved 1048576K
Event: 2010.209 GC heap after
Heap after GC invocations=29 (full 3):
 PSYoungGen      total 497152K, used 10882K [0x00000000e0000000, 0x00000000ffc80000, 0x0000000100000000)
  eden space 475648K, 0% used [0x00000000e0000000,0x00000000e0000000,0x00000000fd080000)
  from space 21504K, 50% used [0x00000000fe780000,0x00000000ff220ab0,0x00000000ffc80000)
  to   space 22528K, 0% used [0x00000000fd080000,0x00000000fd080000,0x00000000fe680000)
 ParOldGen       total 141312K, used 79337K [0x00000000a0000000, 0x00000000a8a00000, 0x00000000e0000000)
  object space 141312K, 56% used [0x00000000a0000000,0x00000000a4d7a7b0,0x00000000a8a00000)
 Metaspace       used 76622K, capacity 80890K, committed 81112K, reserved 1120256K
  class space    used 9930K, capacity 10668K, committed 10712K, reserved 1048576K
}
Event: 2025.990 GC heap before
{Heap before GC invocations=30 (full 3):
 PSYoungGen      total 497152K, used 486530K [0x00000000e0000000, 0x00000000ffc80000, 0x0000000100000000)
  eden space 475648K, 100% used [0x00000000e0000000,0x00000000fd080000,0x00000000fd080000)
  from space 21504K, 50% used [0x00000000fe780000,0x00000000ff220ab0,0x00000000ffc80000)
  to   space 22528K, 0% used [0x00000000fd080000,0x00000000fd080000,0x00000000fe680000)
 ParOldGen       total 141312K, used 79337K [0x00000000a0000000, 0x00000000a8a00000, 0x00000000e0000000)
  object space 141312K, 56% used [0x00000000a0000000,0x00000000a4d7a7b0,0x00000000a8a00000)
 Metaspace       used 77223K, capacity 81682K, committed 82008K, reserved 1120256K
  class space    used 9976K, capacity 10717K, committed 10840K, reserved 1048576K

